2025/12/26 10:34:15 Process 'ping_3' started with PID 44338
2025/12/26 10:34:15 Process 'ping_4' started with PID 44340
2025/12/26 10:34:15 Process 'ping_2' started with PID 44339
2025/12/26 10:34:15 Process 'ping_1' started with PID 44341
2025/12/26 10:34:15 Process 'ping_5' started with PID 44342
2025/12/26 10:34:23 Exiting Taskmaster...
2025/12/26 10:34:23 Stopping process 'ping_1' of task 'ping'
2025/12/26 10:34:23 Stopping process 'ping_2' of task 'ping'
2025/12/26 10:34:23 Stopping process 'ping_3' of task 'ping'
2025/12/26 10:34:23 Stopping process 'ping_4' of task 'ping'
2025/12/26 10:34:23 Stopping process 'ping_5' of task 'ping'
2025/12/26 10:34:23 Process 'ping_5' stopped gracefully
2025/12/26 10:34:23 Process 'ping_5' has been stopped
2025/12/26 10:34:23 Process 'ping_4' stopped gracefully
2025/12/26 10:34:23 Process 'ping_4' has been stopped
2025/12/26 10:34:23 Process 'ping_2' stopped gracefully
2025/12/26 10:34:23 Process 'ping_1' stopped gracefully
2025/12/26 10:34:23 Process 'ping_3' stopped gracefully
2025/12/26 10:34:23 Process 'ping_3' has been stopped
2025/12/26 10:34:23 Process 'ping_2' has been stopped
2025/12/26 10:34:23 Process 'ping_1' has been stopped
